<?xml version="1.0" encoding="UTF-8"?>
<!-- Generated by org.testng.reporters.JUnitXMLReporter -->
<testsuite hostname="Senas-Air" ignored="3" name="Default test" tests="1" failures="0" timestamp="18 May 2020 22:05:41 GMT" time="17.128" errors="0">
  <testcase name="contactCourse" time="4.179" classname="com.speak.tests.SpeakContactTest"/>
  <testcase name="verifyPhone" time="0.0" classname="com.speak.tests.SpeakContactTest">
    <ignored/>
  </testcase> <!-- verifyPhone -->
  <testcase name="verifyEmail" time="0.0" classname="com.speak.tests.SpeakContactTest">
    <ignored/>
  </testcase> <!-- verifyEmail -->
  <testcase name="verifyAddress" time="0.0" classname="com.speak.tests.SpeakContactTest">
    <ignored/>
  </testcase> <!-- verifyAddress -->
</testsuite> <!-- Default test -->
