<?xml version="1.0" encoding="UTF-8"?>
<testng-results skipped="0" failed="0" ignored="3" total="4" passed="1">
  <reporter-output>
  </reporter-output>
  <suite name="Default suite" duration-ms="17128" started-at="2020-05-18T22:05:24Z" finished-at="2020-05-18T22:05:41Z">
    <groups>
    </groups>
    <test name="Default test" duration-ms="17128" started-at="2020-05-18T22:05:24Z" finished-at="2020-05-18T22:05:41Z">
      <class name="com.speak.tests.SpeakContactTest">
        <test-method status="PASS" signature="setUp()[pri:0, instance:com.speak.tests.SpeakContactTest@64bc21ac]" name="setUp" is-config="true" duration-ms="12225" started-at="2020-05-18T22:05:24Z" finished-at="2020-05-18T22:05:36Z">
          <reporter-output>
          </reporter-output>
        </test-method> <!-- setUp -->
        <test-method status="PASS" signature="contactCourse()[pri:4, instance:com.speak.tests.SpeakContactTest@64bc21ac]" name="contactCourse" duration-ms="4179" started-at="2020-05-18T22:05:37Z" finished-at="2020-05-18T22:05:41Z">
          <reporter-output>
          </reporter-output>
        </test-method> <!-- contactCourse -->
        <test-method status="PASS" signature="tearDown()[pri:0, instance:com.speak.tests.SpeakContactTest@64bc21ac]" name="tearDown" is-config="true" duration-ms="240" started-at="2020-05-18T22:05:41Z" finished-at="2020-05-18T22:05:41Z">
          <reporter-output>
          </reporter-output>
        </test-method> <!-- tearDown -->
      </class> <!-- com.speak.tests.SpeakContactTest -->
    </test> <!-- Default test -->
  </suite> <!-- Default suite -->
</testng-results>
